<?xml version="1.0" encoding="UTF-8"?>
<!-- Generated by org.testng.reporters.JUnitReportReporter -->
<testsuite hostname="Navi" failures="0" tests="3" name="com.crm.qa.testcases.LoginPageTest" time="54.171" errors="0" timestamp="2024-02-27T23:24:03 IST" skipped="0">
  <testcase classname="com.crm.qa.testcases.LoginPageTest" name="loginPageTitelTest" time="12.662"/>
  <system-out/>
  <testcase classname="com.crm.qa.testcases.LoginPageTest" name="loginPageLogoTest" time="14.549"/>
  <system-out/>
  <testcase classname="com.crm.qa.testcases.LoginPageTest" name="loginTest" time="26.960"/>
  <system-out/>
</testsuite> <!-- com.crm.qa.testcases.LoginPageTest -->
